{
  "RSpec": {
    "coverage": {
      "/Users/mttwardowski/Desktop/Mail Funnel App/mail-funnel-server-api/spec/controllers/apps_controller_spec.rb": [
        1,
        null,
        null,
        null,
        null,
        null,
        null,
        null,
        null,
        null,
        null,
        null,
        null,
        null,
        null,
        null,
        null,
        null,
        null,
        null,
        null,
        null,
        null,
        null,
        null,
        1,
        null,
        null,
        null,
        null,
        1,
        null,
        9,
        null,
        null,
        1,
        0,
        null,
        null,
        null,
        null,
        null,
        11,
        null,
        1,
        null,
        null,
        1,
        1,
        1,
        1,
        null,
        null,
        null,
        1,
        1,
        1,
        null,
        null,
        null,
        null,
        1,
        1,
        1,
        1,
        1,
        null,
        null,
        null,
        1,
        1,
        1,
        1,
        1,
        null,
        null,
        null,
        1,
        null,
        1,
        1,
        1,
        null,
        null,
        null,
        1,
        null,
        1,
        1,
        1,
        null,
        null,
        null,
        null,
        null,
        null,
        1,
        1,
        1,
        1,
        null,
        null,
        1,
        1,
        1,
        1,
        1,
        null,
        null,
        1,
        1,
        null,
        1,
        1,
        null,
        null,
        null,
        1,
        1,
        null,
        1,
        1,
        1,
        null,
        null,
        null,
        null,
        null,
        null,
        1,
        1,
        1,
        1,
        1,
        null,
        null,
        null,
        null,
        null,
        null
      ],
      "/Users/mttwardowski/Desktop/Mail Funnel App/mail-funnel-server-api/spec/rails_helper.rb": [
        null,
        1,
        1,
        1,
        1,
        null,
        null,
        null,
        null,
        null,
        null,
        null,
        null,
        null,
        2,
        null,
        null,
        null,
        1,
        null,
        null,
        null,
        1,
        null,
        null,
        1,
        null,
        null,
        1,
        null,
        null,
        null,
        null,
        null,
        null,
        null,
        1,
        null,
        null,
        null,
        null,
        null,
        null,
        null,
        null,
        null,
        null,
        null,
        null,
        null,
        null,
        null,
        1,
        null
      ],
      "/Users/mttwardowski/Desktop/Mail Funnel App/mail-funnel-server-api/config/environment.rb": [
        null,
        1,
        null,
        null,
        1
      ],
      "/Users/mttwardowski/Desktop/Mail Funnel App/mail-funnel-server-api/config/application.rb": [
        1,
        null,
        1,
        1,
        1,
        1,
        null,
        1,
        null,
        null,
        null,
        null,
        null,
        null,
        null,
        null,
        null,
        null,
        1,
        null,
        1,
        null,
        1,
        1,
        1,
        null,
        null,
        1,
        null,
        null,
        null,
        null,
        null,
        1,
        1,
        null,
        1,
        1,
        null,
        1,
        1,
        null,
        1,
        1,
        null,
        null,
        null,
        1,
        1,
        1,
        null,
        null,
        null,
        null,
        null,
        null,
        null,
        null,
        null,
        null,
        null,
        null,
        null,
        null,
        null,
        null,
        null,
        1,
        1,
        1,
        1,
        null,
        null,
        null,
        null
      ],
      "/Users/mttwardowski/Desktop/Mail Funnel App/mail-funnel-server-api/config/boot.rb": [
        1,
        null,
        1
      ],
      "/Users/mttwardowski/Desktop/Mail Funnel App/mail-funnel-server-api/config/spring.rb": [
        null,
        null,
        null,
        null,
        null,
        5
      ],
      "/Users/mttwardowski/Desktop/Mail Funnel App/mail-funnel-server-api/config/environments/development.rb": [
        1,
        null,
        null,
        null,
        null,
        null,
        1,
        null,
        null,
        null,
        1,
        null,
        null,
        1,
        null,
        null,
        1,
        0,
        null,
        0,
        0,
        null,
        null,
        null,
        1,
        null,
        1,
        null,
        null,
        null,
        1,
        null,
        1,
        null,
        null,
        1,
        null,
        null,
        1,
        null,
        null,
        null,
        null,
        null,
        null,
        1,
        null,
        null,
        1,
        null,
        null
      ],
      "/Users/mttwardowski/Desktop/Mail Funnel App/mail-funnel-server-api/config/initializers/application_controller_renderer.rb": [
        null,
        null,
        null,
        null,
        null,
        null
      ],
      "/Users/mttwardowski/Desktop/Mail Funnel App/mail-funnel-server-api/config/initializers/backtrace_silencers.rb": [
        null,
        null,
        null,
        null,
        null,
        null,
        null
      ],
      "/Users/mttwardowski/Desktop/Mail Funnel App/mail-funnel-server-api/config/initializers/cors.rb": [
        null,
        null,
        null,
        null,
        null,
        null,
        null,
        null,
        null,
        null,
        null,
        null,
        null,
        null,
        null,
        null,
        null,
        null,
        null,
        null,
        null,
        null,
        null,
        null,
        null,
        null,
        null,
        null,
        null,
        null,
        null,
        null,
        null,
        null,
        null
      ],
      "/Users/mttwardowski/Desktop/Mail Funnel App/mail-funnel-server-api/config/initializers/filter_parameter_logging.rb": [
        null,
        null,
        null,
        1
      ],
      "/Users/mttwardowski/Desktop/Mail Funnel App/mail-funnel-server-api/config/initializers/inflections.rb": [
        null,
        null,
        null,
        null,
        null,
        null,
        null,
        null,
        null,
        null,
        null,
        null,
        null,
        null,
        null,
        null
      ],
      "/Users/mttwardowski/Desktop/Mail Funnel App/mail-funnel-server-api/config/initializers/mime_types.rb": [
        null,
        null,
        null,
        null
      ],
      "/Users/mttwardowski/Desktop/Mail Funnel App/mail-funnel-server-api/config/initializers/new_framework_defaults.rb": [
        null,
        null,
        null,
        null,
        null,
        null,
        null,
        null,
        null,
        null,
        null,
        null,
        null,
        null,
        null,
        null,
        null,
        null,
        null,
        null,
        null,
        null,
        null,
        null,
        null,
        1,
        null,
        null,
        1,
        null,
        null,
        1,
        null,
        null,
        1
      ],
      "/Users/mttwardowski/Desktop/Mail Funnel App/mail-funnel-server-api/config/initializers/reload_api.rb": [
        1,
        1,
        null,
        1,
        1,
        null,
        1,
        0,
        null,
        1,
        1,
        null,
        null
      ],
      "/Users/mttwardowski/Desktop/Mail Funnel App/mail-funnel-server-api/config/initializers/wrap_parameters.rb": [
        null,
        null,
        null,
        null,
        null,
        null,
        null,
        null,
        null,
        null,
        1,
        2,
        2,
        null,
        null,
        null,
        null,
        1,
        1,
        null
      ],
      "/Users/mttwardowski/Desktop/Mail Funnel App/mail-funnel-server-api/spec/factories/apps.rb": [
        1,
        1,
        10,
        1,
        10,
        1,
        10,
        null,
        null
      ],
      "/Users/mttwardowski/Desktop/Mail Funnel App/mail-funnel-server-api/spec/factories/email_lists.rb": [
        1,
        1,
        1,
        1,
        1,
        null,
        null,
        null
      ],
      "/Users/mttwardowski/Desktop/Mail Funnel App/mail-funnel-server-api/spec/factories/emails.rb": [
        1,
        1,
        12,
        12,
        1,
        1,
        null,
        null
      ],
      "/Users/mttwardowski/Desktop/Mail Funnel App/mail-funnel-server-api/spec/factories/hooks.rb": [
        1,
        1,
        1,
        1,
        null,
        null
      ],
      "/Users/mttwardowski/Desktop/Mail Funnel App/mail-funnel-server-api/spec/factories/jobs.rb": [
        1,
        1,
        1,
        1,
        1,
        1,
        1,
        1,
        1,
        1,
        1,
        1,
        null,
        null
      ],
      "/Users/mttwardowski/Desktop/Mail Funnel App/mail-funnel-server-api/spec/factories/mail_funnel_server_configs.rb": [
        1,
        1,
        1,
        1,
        null,
        null
      ],
      "/Users/mttwardowski/Desktop/Mail Funnel App/mail-funnel-server-api/spec/factories/shops.rb": [
        1,
        1,
        null,
        null,
        null
      ],
      "/Users/mttwardowski/Desktop/Mail Funnel App/mail-funnel-server-api/config/routes.rb": [
        1,
        null,
        null,
        1,
        null,
        null,
        null,
        null,
        1,
        1,
        null,
        null,
        1,
        null,
        1,
        null,
        1,
        1,
        1,
        1,
        null,
        null,
        1,
        1,
        null,
        null,
        null,
        1,
        null,
        null
      ],
      "/Users/mttwardowski/Desktop/Mail Funnel App/mail-funnel-server-api/app/api/api.rb": [
        1,
        1,
        1,
        null,
        1,
        1,
        null,
        null,
        null,
        null,
        null,
        null,
        null,
        null,
        null,
        null,
        null,
        1,
        null,
        1,
        null,
        null,
        1,
        null,
        1,
        0,
        0,
        0,
        0,
        null,
        null,
        null,
        1,
        null,
        null,
        null,
        1,
        0,
        null,
        null,
        1,
        0,
        0,
        null,
        0,
        null,
        null,
        null,
        null,
        0,
        null,
        0,
        0,
        null,
        0,
        null,
        null,
        0,
        null,
        null,
        null,
        1,
        null,
        0,
        0,
        null,
        null,
        1,
        null,
        0,
        0,
        0,
        0,
        null,
        0,
        0,
        null,
        null,
        null,
        1,
        0,
        0,
        0,
        null,
        0,
        null,
        null,
        null,
        null,
        null,
        null,
        null,
        null,
        null,
        1,
        0,
        null,
        null,
        1,
        0,
        null,
        0,
        0,
        null,
        null,
        null,
        null,
        0,
        null,
        null,
        null,
        null,
        1,
        0,
        null,
        null,
        null,
        null,
        null,
        null,
        null,
        1,
        0,
        null,
        0,
        null,
        0,
        0,
        null,
        0,
        0,
        0,
        null,
        null,
        null,
        0,
        null,
        null,
        null,
        0,
        null,
        null,
        1,
        0,
        null,
        null,
        0,
        0,
        0,
        null,
        0,
        0,
        null,
        null,
        0,
        null,
        null,
        null,
        0,
        null,
        null,
        0,
        null,
        null,
        0,
        null,
        null,
        1,
        1,
        0,
        0,
        0,
        0,
        0,
        null,
        0,
        0,
        null,
        0,
        null,
        0,
        0,
        0,
        null,
        0,
        0,
        0,
        null,
        0,
        0,
        0,
        null,
        0,
        null,
        null,
        0,
        null,
        null,
        null,
        null,
        0,
        null,
        0,
        null,
        0,
        0,
        null,
        0,
        null,
        0,
        0,
        0,
        null,
        0,
        0,
        null,
        0,
        null,
        null,
        null,
        null,
        null,
        null,
        null,
        null,
        null,
        null,
        null,
        null,
        null,
        null,
        1,
        0,
        null,
        null,
        0,
        0,
        0,
        null,
        0,
        0,
        null,
        null,
        null,
        null,
        1,
        null,
        null,
        1,
        null,
        null,
        1,
        null,
        null,
        null,
        null,
        null,
        null,
        null,
        1,
        null,
        1,
        1,
        1,
        1,
        null,
        1,
        0,
        null,
        null,
        1,
        null,
        1,
        null,
        1,
        1,
        1,
        1,
        null,
        1,
        1,
        null,
        1,
        0,
        null,
        0,
        null,
        null,
        null,
        null,
        null,
        null,
        null,
        null,
        1,
        1,
        1,
        1,
        null,
        1,
        1,
        0,
        null,
        null,
        null,
        null,
        1,
        null,
        1,
        1,
        1,
        null,
        1,
        1,
        0,
        null,
        null,
        null,
        1,
        1,
        1,
        1,
        1,
        1,
        null,
        1,
        0,
        0,
        null,
        null,
        1,
        1,
        1,
        1,
        1,
        1,
        1,
        null,
        1,
        0,
        0,
        0,
        null,
        0,
        null,
        null,
        null,
        1,
        1,
        1,
        null,
        1,
        0,
        0,
        null,
        null,
        null,
        1,
        null,
        1,
        1,
        1,
        1,
        null,
        1,
        1,
        0,
        null,
        null,
        null,
        1,
        1,
        0,
        null,
        null,
        null,
        1,
        1,
        1,
        1,
        1,
        null,
        1,
        1,
        0,
        null,
        null,
        null,
        1,
        1,
        1,
        1,
        null,
        1,
        1,
        0,
        null,
        null,
        null,
        null
      ],
      "/Users/mttwardowski/Desktop/Mail Funnel App/mail-funnel-server-api/app/helpers/application_helper.rb": [
        1,
        null
      ],
      "/Users/mttwardowski/Desktop/Mail Funnel App/mail-funnel-server-api/app/helpers/apps_helper.rb": [
        1,
        null
      ],
      "/Users/mttwardowski/Desktop/Mail Funnel App/mail-funnel-server-api/app/helpers/email_lists_helper.rb": [
        1,
        null
      ],
      "/Users/mttwardowski/Desktop/Mail Funnel App/mail-funnel-server-api/app/helpers/emails_helper.rb": [
        1,
        null
      ],
      "/Users/mttwardowski/Desktop/Mail Funnel App/mail-funnel-server-api/app/helpers/hooks_helper.rb": [
        1,
        null
      ],
      "/Users/mttwardowski/Desktop/Mail Funnel App/mail-funnel-server-api/app/helpers/jobs_helper.rb": [
        1,
        null
      ],
      "/Users/mttwardowski/Desktop/Mail Funnel App/mail-funnel-server-api/spec/support/factory_girl.rb": [
        null,
        null,
        1,
        1,
        null,
        null,
        null,
        1,
        1,
        null,
        1,
        null,
        null,
        null
      ],
      "/Users/mttwardowski/Desktop/Mail Funnel App/mail-funnel-server-api/app/controllers/apps_controller.rb": [
        1,
        1,
        null,
        null,
        1,
        0,
        null,
        0,
        0,
        null,
        0,
        0,
        0,
        null,
        0,
        null,
        null,
        null,
        0,
        null,
        null,
        null,
        null,
        null,
        null,
        null,
        1,
        3,
        null,
        3,
        1,
        null,
        2,
        null,
        null,
        3,
        3,
        null,
        null,
        null,
        1,
        1,
        1,
        1,
        null,
        null,
        null,
        1,
        3,
        null,
        3,
        2,
        null,
        1,
        null,
        null,
        null,
        null,
        1,
        3,
        2,
        null,
        1,
        null,
        null,
        null,
        null,
        1,
        1,
        null,
        null,
        1,
        null,
        1,
        5,
        null,
        null,
        null,
        1,
        0,
        null,
        null,
        null,
        1,
        6,
        null,
        null
      ],
      "/Users/mttwardowski/Desktop/Mail Funnel App/mail-funnel-server-api/app/controllers/application_controller.rb": [
        1,
        null,
        null,
        null
      ],
      "/Users/mttwardowski/Desktop/Mail Funnel App/mail-funnel-server-api/spec/controllers/email_lists_controller_spec.rb": [
        1,
        null,
        null,
        null,
        null,
        null,
        null,
        null,
        null,
        null,
        null,
        null,
        null,
        null,
        null,
        null,
        null,
        null,
        null,
        null,
        null,
        null,
        null,
        null,
        null,
        1,
        null,
        null,
        null,
        null,
        1,
        null,
        10,
        null,
        null,
        1,
        null,
        null,
        null,
        null,
        null,
        null,
        12,
        null,
        1,
        null,
        null,
        1,
        1,
        1,
        1,
        null,
        null,
        null,
        1,
        1,
        1,
        1,
        null,
        null,
        1,
        1,
        1,
        null,
        null,
        null,
        null,
        null,
        1,
        1,
        1,
        1,
        1,
        null,
        null,
        null,
        1,
        1,
        1,
        1,
        1,
        null,
        null,
        null,
        1,
        null,
        1,
        1,
        1,
        null,
        null,
        null,
        null,
        1,
        null,
        1,
        1,
        1,
        null,
        null,
        null,
        null,
        null,
        null,
        1,
        1,
        1,
        1,
        null,
        null,
        1,
        1,
        1,
        1,
        1,
        null,
        null,
        1,
        1,
        null,
        1,
        1,
        null,
        null,
        null,
        1,
        1,
        null,
        1,
        1,
        1,
        null,
        null,
        null,
        null,
        null,
        null,
        1,
        1,
        1,
        1,
        1,
        null,
        null,
        null,
        null,
        null
      ],
      "/Users/mttwardowski/Desktop/Mail Funnel App/mail-funnel-server-api/app/controllers/email_lists_controller.rb": [
        1,
        1,
        null,
        null,
        1,
        4,
        null,
        4,
        2,
        1,
        null,
        1,
        null,
        null,
        2,
        null,
        null,
        4,
        4,
        null,
        null,
        null,
        null,
        1,
        1,
        1,
        null,
        null,
        null,
        1,
        3,
        null,
        3,
        2,
        null,
        1,
        null,
        null,
        null,
        null,
        1,
        3,
        2,
        null,
        1,
        null,
        null,
        null,
        null,
        1,
        1,
        null,
        null,
        1,
        null,
        1,
        5,
        null,
        null,
        null,
        1,
        6,
        null,
        null
      ],
      "/Users/mttwardowski/Desktop/Mail Funnel App/mail-funnel-server-api/spec/controllers/emails_controller_spec.rb": [
        1,
        null,
        null,
        null,
        null,
        null,
        null,
        null,
        null,
        null,
        null,
        null,
        null,
        null,
        null,
        null,
        null,
        null,
        null,
        null,
        null,
        null,
        null,
        null,
        null,
        1,
        null,
        null,
        null,
        null,
        1,
        null,
        11,
        null,
        null,
        1,
        0,
        null,
        null,
        null,
        null,
        null,
        13,
        null,
        1,
        null,
        null,
        1,
        1,
        1,
        1,
        null,
        null,
        null,
        1,
        1,
        1,
        1,
        null,
        null,
        null,
        1,
        1,
        1,
        1,
        null,
        null,
        1,
        1,
        1,
        null,
        null,
        null,
        null,
        null,
        1,
        1,
        1,
        1,
        1,
        null,
        null,
        null,
        1,
        1,
        1,
        1,
        1,
        null,
        null,
        null,
        1,
        null,
        1,
        1,
        1,
        null,
        null,
        null,
        1,
        null,
        1,
        1,
        1,
        null,
        null,
        null,
        null,
        null,
        null,
        null,
        1,
        1,
        1,
        1,
        null,
        null,
        1,
        1,
        1,
        1,
        1,
        null,
        null,
        1,
        1,
        1,
        1,
        null,
        null,
        null,
        1,
        1,
        null,
        1,
        1,
        1,
        null,
        null,
        null,
        null,
        null,
        null,
        1,
        1,
        1,
        1,
        1,
        null,
        null,
        null,
        null,
        null
      ],
      "/Users/mttwardowski/Desktop/Mail Funnel App/mail-funnel-server-api/app/controllers/emails_controller.rb": [
        1,
        1,
        null,
        null,
        null,
        1,
        5,
        null,
        5,
        2,
        1,
        null,
        1,
        null,
        null,
        3,
        1,
        null,
        null,
        null,
        null,
        null,
        5,
        5,
        null,
        null,
        null,
        1,
        1,
        null,
        null,
        null,
        1,
        3,
        null,
        3,
        2,
        null,
        1,
        null,
        null,
        null,
        null,
        1,
        3,
        2,
        null,
        1,
        null,
        null,
        null,
        null,
        1,
        1,
        null,
        null,
        1,
        null,
        1,
        5,
        null,
        null,
        null,
        null,
        null,
        null,
        null,
        1,
        null,
        null,
        6,
        null,
        null
      ],
      "/Users/mttwardowski/Desktop/Mail Funnel App/mail-funnel-server-api/spec/controllers/hooks_controller_spec.rb": [
        1,
        null,
        null,
        null,
        null,
        null,
        null,
        null,
        null,
        null,
        null,
        null,
        null,
        null,
        null,
        null,
        null,
        null,
        null,
        null,
        null,
        null,
        null,
        null,
        null,
        1,
        null,
        null,
        null,
        null,
        1,
        null,
        2,
        null,
        null,
        1,
        0,
        null,
        null,
        null,
        null,
        null,
        3,
        null,
        1,
        1,
        1,
        1,
        1,
        null,
        null,
        null,
        1,
        1,
        1,
        1,
        1,
        null,
        null,
        null,
        null,
        null,
        null,
        null,
        null,
        null,
        null,
        null,
        null,
        null,
        null,
        null,
        null,
        null,
        null,
        null,
        null,
        null,
        null,
        null,
        null,
        null,
        null,
        null,
        null,
        null,
        null,
        null,
        null,
        null,
        null,
        null,
        null,
        null,
        null,
        null,
        null,
        null,
        null,
        null,
        null,
        null,
        null,
        null,
        null,
        null,
        null,
        null,
        null,
        null,
        null,
        null,
        null,
        null,
        null,
        null,
        null,
        null,
        null,
        null,
        null,
        null,
        null,
        null,
        null,
        null,
        null,
        null,
        null,
        null
      ],
      "/Users/mttwardowski/Desktop/Mail Funnel App/mail-funnel-server-api/app/controllers/hooks_controller.rb": [
        1,
        1,
        null,
        null,
        1,
        2,
        null,
        null,
        null,
        1,
        null,
        null,
        null,
        1,
        0,
        null,
        null,
        null,
        1,
        null,
        null,
        null,
        null,
        1,
        0,
        null,
        0,
        0,
        0,
        0,
        null,
        0,
        0,
        null,
        null,
        null,
        null,
        null,
        1,
        0,
        0,
        0,
        0,
        null,
        0,
        0,
        null,
        null,
        null,
        null,
        null,
        1,
        0,
        0,
        0,
        0,
        null,
        null,
        null,
        1,
        null,
        1,
        1,
        null,
        null,
        null,
        1,
        0,
        null,
        null
      ],
      "/Users/mttwardowski/Desktop/Mail Funnel App/mail-funnel-server-api/spec/controllers/jobs_controller_spec.rb": [
        1,
        null,
        null,
        null,
        null,
        null,
        null,
        null,
        null,
        null,
        null,
        null,
        null,
        null,
        null,
        null,
        null,
        null,
        null,
        null,
        null,
        null,
        null,
        null,
        null,
        1,
        null,
        null,
        null,
        null,
        1,
        null,
        12,
        null,
        null,
        1,
        0,
        null,
        null,
        null,
        null,
        null,
        14,
        null,
        1,
        null,
        null,
        1,
        1,
        1,
        null,
        null,
        null,
        1,
        1,
        1,
        1,
        null,
        null,
        null,
        1,
        1,
        1,
        1,
        null,
        null,
        null,
        1,
        1,
        1,
        1,
        null,
        null,
        null,
        1,
        1,
        1,
        1,
        null,
        null,
        null,
        null,
        null,
        1,
        1,
        1,
        1,
        1,
        null,
        null,
        null,
        1,
        1,
        null,
        1,
        1,
        1,
        null,
        null,
        null,
        1,
        null,
        1,
        1,
        1,
        1,
        null,
        null,
        null,
        1,
        null,
        1,
        1,
        1,
        null,
        null,
        null,
        null,
        null,
        null,
        1,
        1,
        1,
        1,
        null,
        null,
        1,
        1,
        1,
        1,
        1,
        null,
        null,
        1,
        1,
        null,
        1,
        1,
        1,
        null,
        null,
        null,
        1,
        1,
        null,
        1,
        1,
        1,
        null,
        null,
        null,
        null,
        null,
        null,
        1,
        1,
        1,
        1,
        1,
        null,
        null,
        null,
        null,
        null,
        null,
        null,
        null
      ],
      "/Users/mttwardowski/Desktop/Mail Funnel App/mail-funnel-server-api/app/controllers/jobs_controller.rb": [
        1,
        1,
        null,
        null,
        null,
        null,
        1,
        6,
        null,
        6,
        3,
        1,
        1,
        null,
        2,
        1,
        1,
        null,
        1,
        1,
        null,
        null,
        null,
        3,
        null,
        null,
        6,
        6,
        6,
        null,
        null,
        null,
        1,
        1,
        null,
        null,
        null,
        null,
        1,
        3,
        null,
        3,
        2,
        null,
        1,
        null,
        null,
        null,
        null,
        1,
        3,
        2,
        null,
        1,
        null,
        null,
        null,
        null,
        1,
        1,
        null,
        null,
        1,
        null,
        1,
        5,
        null,
        null,
        1,
        0,
        null,
        null,
        1,
        0,
        null,
        null,
        null,
        1,
        null,
        6,
        null,
        null,
        null,
        null,
        null,
        null,
        null,
        null,
        null
      ],
      "/Users/mttwardowski/Desktop/Mail Funnel App/mail-funnel-server-api/spec/models/app_spec.rb": [
        1,
        null,
        1,
        1,
        null
      ],
      "/Users/mttwardowski/Desktop/Mail Funnel App/mail-funnel-server-api/app/models/app.rb": [
        1,
        1,
        null,
        null,
        1,
        1,
        1,
        null
      ],
      "/Users/mttwardowski/Desktop/Mail Funnel App/mail-funnel-server-api/app/models/application_record.rb": [
        1,
        1,
        null
      ],
      "/Users/mttwardowski/Desktop/Mail Funnel App/mail-funnel-server-api/spec/models/email_list_spec.rb": [
        1,
        null,
        1,
        1,
        null
      ],
      "/Users/mttwardowski/Desktop/Mail Funnel App/mail-funnel-server-api/app/models/email_list.rb": [
        1,
        1,
        null,
        1,
        1,
        1,
        null
      ],
      "/Users/mttwardowski/Desktop/Mail Funnel App/mail-funnel-server-api/spec/models/email_spec.rb": [
        1,
        null,
        1,
        1,
        null
      ],
      "/Users/mttwardowski/Desktop/Mail Funnel App/mail-funnel-server-api/app/models/email.rb": [
        1,
        1,
        null,
        1,
        1,
        null
      ],
      "/Users/mttwardowski/Desktop/Mail Funnel App/mail-funnel-server-api/spec/models/hook_spec.rb": [
        1,
        null,
        1,
        1,
        null
      ],
      "/Users/mttwardowski/Desktop/Mail Funnel App/mail-funnel-server-api/app/models/hook.rb": [
        1,
        1,
        null
      ],
      "/Users/mttwardowski/Desktop/Mail Funnel App/mail-funnel-server-api/spec/models/job_spec.rb": [
        1,
        null,
        1,
        1,
        null
      ],
      "/Users/mttwardowski/Desktop/Mail Funnel App/mail-funnel-server-api/app/models/job.rb": [
        1,
        1,
        1,
        1,
        null
      ],
      "/Users/mttwardowski/Desktop/Mail Funnel App/mail-funnel-server-api/spec/models/mail_funnel_server_config_spec.rb": [
        1,
        null,
        1,
        1,
        null
      ],
      "/Users/mttwardowski/Desktop/Mail Funnel App/mail-funnel-server-api/app/models/mail_funnel_server_config.rb": [
        1,
        null
      ],
      "/Users/mttwardowski/Desktop/Mail Funnel App/mail-funnel-server-api/spec/models/shop_spec.rb": [
        1,
        null,
        1,
        1,
        null
      ],
      "/Users/mttwardowski/Desktop/Mail Funnel App/mail-funnel-server-api/app/models/shop.rb": [
        1,
        null,
        null,
        null
      ],
      "/Users/mttwardowski/Desktop/Mail Funnel App/mail-funnel-server-api/spec/requests/apps_spec.rb": [
        1,
        null,
        1,
        1,
        1,
        1,
        1,
        null,
        null,
        null
      ],
      "/Users/mttwardowski/Desktop/Mail Funnel App/mail-funnel-server-api/spec/requests/email_lists_spec.rb": [
        1,
        null,
        1,
        1,
        1,
        1,
        1,
        null,
        null,
        null
      ],
      "/Users/mttwardowski/Desktop/Mail Funnel App/mail-funnel-server-api/spec/requests/emails_spec.rb": [
        1,
        null,
        1,
        1,
        1,
        1,
        1,
        null,
        null,
        null
      ],
      "/Users/mttwardowski/Desktop/Mail Funnel App/mail-funnel-server-api/spec/requests/hooks_spec.rb": [
        1,
        null,
        1,
        null,
        1,
        null,
        null,
        1,
        1,
        1,
        null,
        null,
        null,
        null,
        null,
        null
      ],
      "/Users/mttwardowski/Desktop/Mail Funnel App/mail-funnel-server-api/spec/requests/jobs_spec.rb": [
        1,
        null,
        1,
        1,
        1,
        1,
        1,
        null,
        null,
        null
      ],
      "/Users/mttwardowski/Desktop/Mail Funnel App/mail-funnel-server-api/spec/routing/apps_routing_spec.rb": [
        1,
        null,
        1,
        1,
        null,
        1,
        1,
        null,
        null,
        null,
        1,
        1,
        null,
        null,
        null,
        1,
        1,
        null,
        null,
        1,
        1,
        null,
        null,
        1,
        1,
        null,
        null,
        1,
        1,
        null,
        null,
        null,
        null
      ],
      "/Users/mttwardowski/Desktop/Mail Funnel App/mail-funnel-server-api/spec/routing/email_lists_routing_spec.rb": [
        1,
        null,
        1,
        1,
        null,
        1,
        1,
        null,
        null,
        null,
        1,
        1,
        null,
        null,
        null,
        1,
        1,
        null,
        null,
        1,
        1,
        null,
        null,
        1,
        1,
        null,
        null,
        1,
        1,
        null,
        null,
        null,
        null
      ],
      "/Users/mttwardowski/Desktop/Mail Funnel App/mail-funnel-server-api/spec/routing/emails_routing_spec.rb": [
        1,
        null,
        1,
        1,
        null,
        1,
        1,
        null,
        null,
        null,
        1,
        1,
        null,
        null,
        null,
        1,
        1,
        null,
        null,
        1,
        1,
        null,
        null,
        1,
        1,
        null,
        null,
        1,
        1,
        null,
        null,
        null,
        null
      ],
      "/Users/mttwardowski/Desktop/Mail Funnel App/mail-funnel-server-api/spec/routing/hooks_routing_spec.rb": [
        1,
        null,
        1,
        1,
        null,
        1,
        1,
        null,
        null,
        null,
        1,
        1,
        null,
        null,
        null,
        1,
        1,
        null,
        null,
        1,
        1,
        null,
        null,
        1,
        1,
        null,
        null,
        1,
        1,
        null,
        null,
        null,
        null
      ],
      "/Users/mttwardowski/Desktop/Mail Funnel App/mail-funnel-server-api/spec/routing/jobs_routing_spec.rb": [
        1,
        null,
        1,
        1,
        null,
        1,
        1,
        null,
        null,
        null,
        1,
        1,
        null,
        null,
        null,
        1,
        1,
        null,
        null,
        1,
        1,
        null,
        null,
        1,
        1,
        null,
        null,
        1,
        1,
        null,
        null,
        null,
        null
      ]
    },
    "timestamp": 1482540241
  }
}
