{
  "RSpec": {
    "coverage": {
      "/Users/mttwardowski/Desktop/Mail Funnel App/mail-funnel-server-api/spec/controllers/apps_controller_spec.rb": [
        1,
        null,
        null,
        null,
        null,
        null,
        null,
        null,
        null,
        null,
        null,
        null,
        null,
        null,
        null,
        null,
        null,
        null,
        null,
        null,
        null,
        null,
        null,
        null,
        null,
        1,
        null,
        null,
        null,
        null,
        1,
        8,
        null,
        null,
        1,
        1,
        null,
        null,
        null,
        null,
        null,
        1,
        null,
        1,
        1,
        1,
        0,
        0,
        null,
        null,
        null,
        1,
        1,
        1,
        0,
        0,
        null,
        null,
        null,
        1,
        1,
        1,
        1,
        1,
        null,
        null,
        null,
        1,
        null,
        1,
        0,
        0,
        0,
        null,
        null,
        null,
        1,
        1,
        null,
        1,
        0,
        0,
        null,
        null,
        null,
        null,
        1,
        1,
        1,
        0,
        null,
        null,
        1,
        1,
        0,
        0,
        0,
        null,
        null,
        1,
        1,
        null,
        0,
        0,
        0,
        null,
        null,
        null,
        1,
        1,
        1,
        null,
        0,
        0,
        0,
        null,
        null,
        null,
        null,
        1,
        1,
        1,
        0,
        0,
        null,
        null,
        null,
        null,
        null
      ],
      "/Users/mttwardowski/Desktop/Mail Funnel App/mail-funnel-server-api/spec/rails_helper.rb": [
        null,
        1,
        1,
        1,
        1,
        null,
        null,
        null,
        null,
        null,
        null,
        null,
        null,
        null,
        2,
        null,
        null,
        null,
        1,
        null,
        null,
        null,
        1,
        null,
        null,
        1,
        null,
        null,
        1,
        null,
        null,
        null,
        null,
        null,
        null,
        null,
        1,
        null,
        null,
        null,
        null,
        null,
        null,
        null,
        null,
        null,
        null,
        null,
        null,
        null,
        null,
        null,
        1,
        null
      ],
      "/Users/mttwardowski/Desktop/Mail Funnel App/mail-funnel-server-api/config/environment.rb": [
        null,
        1,
        null,
        null,
        1
      ],
      "/Users/mttwardowski/Desktop/Mail Funnel App/mail-funnel-server-api/config/application.rb": [
        1,
        null,
        1,
        1,
        1,
        1,
        null,
        1,
        null,
        null,
        null,
        null,
        null,
        null,
        null,
        null,
        null,
        null,
        1,
        null,
        1,
        null,
        1,
        1,
        1,
        null,
        null,
        1,
        null,
        null,
        null,
        null,
        null,
        1,
        1,
        null,
        1,
        1,
        null,
        1,
        1,
        null,
        1,
        1,
        null,
        null,
        null,
        1,
        1,
        1,
        null,
        null,
        null,
        null,
        null,
        null,
        null,
        null,
        null,
        null,
        null,
        null,
        null,
        null,
        null,
        null,
        null,
        1,
        1,
        1,
        1,
        null,
        null,
        null,
        null
      ],
      "/Users/mttwardowski/Desktop/Mail Funnel App/mail-funnel-server-api/config/boot.rb": [
        1,
        null,
        1
      ],
      "/Users/mttwardowski/Desktop/Mail Funnel App/mail-funnel-server-api/config/spring.rb": [
        null,
        null,
        null,
        null,
        null,
        5
      ],
      "/Users/mttwardowski/Desktop/Mail Funnel App/mail-funnel-server-api/config/environments/development.rb": [
        1,
        null,
        null,
        null,
        null,
        null,
        1,
        null,
        null,
        null,
        1,
        null,
        null,
        1,
        null,
        null,
        1,
        0,
        null,
        0,
        0,
        null,
        null,
        null,
        1,
        null,
        1,
        null,
        null,
        null,
        1,
        null,
        1,
        null,
        null,
        1,
        null,
        null,
        1,
        null,
        null,
        null,
        null,
        null,
        null,
        1,
        null,
        null,
        1,
        null,
        null
      ],
      "/Users/mttwardowski/Desktop/Mail Funnel App/mail-funnel-server-api/config/initializers/application_controller_renderer.rb": [
        null,
        null,
        null,
        null,
        null,
        null
      ],
      "/Users/mttwardowski/Desktop/Mail Funnel App/mail-funnel-server-api/config/initializers/backtrace_silencers.rb": [
        null,
        null,
        null,
        null,
        null,
        null,
        null
      ],
      "/Users/mttwardowski/Desktop/Mail Funnel App/mail-funnel-server-api/config/initializers/cors.rb": [
        null,
        null,
        null,
        null,
        null,
        null,
        null,
        null,
        null,
        null,
        null,
        null,
        null,
        null,
        null,
        null,
        null,
        null,
        null,
        null,
        null,
        null,
        null,
        null,
        null,
        null,
        null,
        null,
        null,
        null,
        null,
        null,
        null,
        null,
        null
      ],
      "/Users/mttwardowski/Desktop/Mail Funnel App/mail-funnel-server-api/config/initializers/filter_parameter_logging.rb": [
        null,
        null,
        null,
        1
      ],
      "/Users/mttwardowski/Desktop/Mail Funnel App/mail-funnel-server-api/config/initializers/inflections.rb": [
        null,
        null,
        null,
        null,
        null,
        null,
        null,
        null,
        null,
        null,
        null,
        null,
        null,
        null,
        null,
        null
      ],
      "/Users/mttwardowski/Desktop/Mail Funnel App/mail-funnel-server-api/config/initializers/mime_types.rb": [
        null,
        null,
        null,
        null
      ],
      "/Users/mttwardowski/Desktop/Mail Funnel App/mail-funnel-server-api/config/initializers/new_framework_defaults.rb": [
        null,
        null,
        null,
        null,
        null,
        null,
        null,
        null,
        null,
        null,
        null,
        null,
        null,
        null,
        null,
        null,
        null,
        null,
        null,
        null,
        null,
        null,
        null,
        null,
        null,
        1,
        null,
        null,
        1,
        null,
        null,
        1,
        null,
        null,
        1
      ],
      "/Users/mttwardowski/Desktop/Mail Funnel App/mail-funnel-server-api/config/initializers/reload_api.rb": [
        1,
        1,
        null,
        1,
        1,
        null,
        1,
        0,
        null,
        1,
        1,
        null,
        null
      ],
      "/Users/mttwardowski/Desktop/Mail Funnel App/mail-funnel-server-api/config/initializers/wrap_parameters.rb": [
        null,
        null,
        null,
        null,
        null,
        null,
        null,
        null,
        null,
        null,
        1,
        2,
        2,
        null,
        null,
        null,
        null,
        1,
        1,
        null
      ],
      "/Users/mttwardowski/Desktop/Mail Funnel App/mail-funnel-server-api/spec/factories/apps.rb": [
        1,
        1,
        null,
        null,
        null
      ],
      "/Users/mttwardowski/Desktop/Mail Funnel App/mail-funnel-server-api/spec/factories/email_lists.rb": [
        1,
        1,
        null,
        null,
        null
      ],
      "/Users/mttwardowski/Desktop/Mail Funnel App/mail-funnel-server-api/spec/factories/emails.rb": [
        1,
        1,
        null,
        null,
        null
      ],
      "/Users/mttwardowski/Desktop/Mail Funnel App/mail-funnel-server-api/spec/factories/hooks.rb": [
        1,
        1,
        null,
        null,
        null
      ],
      "/Users/mttwardowski/Desktop/Mail Funnel App/mail-funnel-server-api/spec/factories/jobs.rb": [
        1,
        1,
        1,
        1,
        1,
        1,
        1,
        1,
        1,
        1,
        1,
        1,
        null,
        null
      ],
      "/Users/mttwardowski/Desktop/Mail Funnel App/mail-funnel-server-api/spec/factories/mail_funnel_server_configs.rb": [
        1,
        1,
        1,
        1,
        null,
        null
      ],
      "/Users/mttwardowski/Desktop/Mail Funnel App/mail-funnel-server-api/spec/factories/shops.rb": [
        1,
        1,
        null,
        null,
        null
      ],
      "/Users/mttwardowski/Desktop/Mail Funnel App/mail-funnel-server-api/config/routes.rb": [
        1,
        null,
        null,
        1,
        null,
        null,
        null,
        null,
        1,
        1,
        null,
        null,
        1,
        null,
        1,
        null,
        1,
        1,
        1,
        1,
        null,
        null,
        1,
        1,
        null,
        null,
        null,
        1,
        null,
        null
      ],
      "/Users/mttwardowski/Desktop/Mail Funnel App/mail-funnel-server-api/app/api/api.rb": [
        1,
        1,
        1,
        null,
        1,
        1,
        null,
        null,
        null,
        null,
        null,
        null,
        null,
        null,
        null,
        null,
        null,
        1,
        null,
        0,
        null,
        null,
        1,
        null,
        1,
        0,
        0,
        0,
        0,
        null,
        null,
        null,
        1,
        null,
        null,
        null,
        1,
        0,
        null,
        null,
        1,
        0,
        0,
        null,
        0,
        null,
        null,
        null,
        null,
        0,
        null,
        0,
        0,
        null,
        0,
        null,
        null,
        0,
        null,
        null,
        null,
        1,
        null,
        0,
        0,
        null,
        null,
        1,
        null,
        0,
        0,
        0,
        0,
        null,
        0,
        0,
        null,
        null,
        null,
        1,
        0,
        0,
        0,
        null,
        0,
        null,
        null,
        null,
        null,
        null,
        null,
        null,
        null,
        null,
        1,
        0,
        null,
        null,
        1,
        0,
        null,
        0,
        0,
        null,
        null,
        null,
        null,
        0,
        null,
        null,
        null,
        null,
        1,
        0,
        null,
        null,
        null,
        null,
        null,
        null,
        null,
        1,
        0,
        null,
        0,
        null,
        0,
        0,
        null,
        0,
        0,
        0,
        null,
        null,
        null,
        0,
        null,
        null,
        null,
        0,
        null,
        null,
        1,
        0,
        null,
        null,
        0,
        0,
        0,
        null,
        0,
        0,
        null,
        null,
        0,
        null,
        null,
        null,
        0,
        null,
        null,
        0,
        null,
        null,
        0,
        null,
        null,
        1,
        1,
        0,
        0,
        0,
        0,
        0,
        null,
        0,
        0,
        null,
        0,
        null,
        0,
        0,
        0,
        null,
        0,
        0,
        0,
        null,
        0,
        0,
        0,
        null,
        0,
        null,
        null,
        0,
        null,
        null,
        null,
        null,
        0,
        null,
        0,
        null,
        0,
        0,
        null,
        0,
        null,
        0,
        0,
        0,
        null,
        0,
        0,
        null,
        0,
        null,
        null,
        null,
        null,
        null,
        null,
        null,
        null,
        null,
        null,
        null,
        null,
        null,
        null,
        1,
        0,
        null,
        null,
        0,
        0,
        0,
        null,
        0,
        0,
        null,
        null,
        null,
        null,
        1,
        null,
        null,
        1,
        null,
        null,
        1,
        null,
        null,
        null,
        null,
        null,
        null,
        null,
        1,
        null,
        1,
        1,
        1,
        1,
        null,
        1,
        0,
        null,
        null,
        1,
        null,
        1,
        null,
        1,
        1,
        1,
        1,
        null,
        1,
        1,
        null,
        1,
        0,
        null,
        0,
        null,
        null,
        null,
        null,
        null,
        null,
        null,
        null,
        1,
        1,
        1,
        1,
        null,
        1,
        1,
        0,
        null,
        null,
        null,
        null,
        1,
        null,
        1,
        1,
        1,
        null,
        1,
        1,
        0,
        null,
        null,
        null,
        1,
        1,
        1,
        1,
        1,
        1,
        null,
        1,
        0,
        0,
        null,
        null,
        1,
        1,
        1,
        1,
        1,
        1,
        1,
        null,
        1,
        0,
        0,
        0,
        null,
        0,
        null,
        null,
        null,
        1,
        1,
        1,
        null,
        1,
        0,
        0,
        null,
        null,
        null,
        1,
        null,
        1,
        1,
        1,
        1,
        null,
        1,
        1,
        0,
        null,
        null,
        null,
        1,
        1,
        0,
        null,
        null,
        null,
        1,
        1,
        1,
        1,
        1,
        null,
        1,
        1,
        0,
        null,
        null,
        null,
        1,
        1,
        1,
        1,
        null,
        1,
        1,
        0,
        null,
        null,
        null,
        null
      ],
      "/Users/mttwardowski/Desktop/Mail Funnel App/mail-funnel-server-api/app/helpers/application_helper.rb": [
        1,
        null
      ],
      "/Users/mttwardowski/Desktop/Mail Funnel App/mail-funnel-server-api/app/helpers/apps_helper.rb": [
        1,
        null
      ],
      "/Users/mttwardowski/Desktop/Mail Funnel App/mail-funnel-server-api/app/helpers/email_lists_helper.rb": [
        1,
        null
      ],
      "/Users/mttwardowski/Desktop/Mail Funnel App/mail-funnel-server-api/app/helpers/emails_helper.rb": [
        1,
        null
      ],
      "/Users/mttwardowski/Desktop/Mail Funnel App/mail-funnel-server-api/app/helpers/hooks_helper.rb": [
        1,
        null
      ],
      "/Users/mttwardowski/Desktop/Mail Funnel App/mail-funnel-server-api/app/helpers/jobs_helper.rb": [
        1,
        null
      ],
      "/Users/mttwardowski/Desktop/Mail Funnel App/mail-funnel-server-api/spec/support/factory_girl.rb": [
        null,
        null,
        1,
        1,
        null,
        null,
        null,
        1,
        1,
        null,
        1,
        null,
        null,
        null
      ],
      "/Users/mttwardowski/Desktop/Mail Funnel App/mail-funnel-server-api/app/controllers/apps_controller.rb": [
        1,
        1,
        null,
        null,
        1,
        0,
        null,
        0,
        0,
        null,
        0,
        0,
        0,
        null,
        0,
        null,
        null,
        null,
        0,
        null,
        null,
        null,
        null,
        null,
        null,
        null,
        1,
        0,
        null,
        0,
        0,
        null,
        0,
        null,
        null,
        0,
        0,
        null,
        null,
        null,
        1,
        0,
        0,
        0,
        null,
        null,
        null,
        1,
        0,
        null,
        0,
        0,
        null,
        0,
        null,
        null,
        null,
        null,
        1,
        0,
        0,
        null,
        0,
        null,
        null,
        null,
        null,
        1,
        0,
        null,
        null,
        1,
        null,
        1,
        0,
        null,
        null,
        null,
        1,
        0,
        null,
        null,
        null,
        1,
        0,
        null,
        null
      ],
      "/Users/mttwardowski/Desktop/Mail Funnel App/mail-funnel-server-api/app/controllers/application_controller.rb": [
        1,
        null,
        null,
        null
      ],
      "/Users/mttwardowski/Desktop/Mail Funnel App/mail-funnel-server-api/app/models/app.rb": [
        1,
        1,
        null,
        null,
        1,
        1,
        1,
        null
      ],
      "/Users/mttwardowski/Desktop/Mail Funnel App/mail-funnel-server-api/app/models/application_record.rb": [
        1,
        1,
        null
      ]
    },
    "timestamp": 1482523437
  }
}
